
> match-auto-backend@1.0.0 build
> tsc --noEmit

src/controllers/address-validation.controller.ts(78,24): error TS2551: Property 'isValid' does not exist on type '{ address: { street: string; city: string; state: string; postalCode: string; country: string; validated: boolean; streetNumber?: string | undefined; unit?: string | undefined; countryName?: string | undefined; ... 8 more ...; metadata?: Record<...> | undefined; }; ... 7 more ...; provider?: string | undefined; }'. Did you mean 'valid'?
src/controllers/address-validation.controller.ts(82,18): error TS2339: Property 'metrics' does not exist on type 'AddressValidationController'.
src/controllers/address-validation.controller.ts(100,17): error TS2554: Expected 1-2 arguments, but got 4.
src/controllers/address-validation.controller.ts(104,18): error TS2339: Property 'metrics' does not exist on type 'AddressValidationController'.
src/controllers/address-validation.controller.ts(121,17): error TS2554: Expected 1 arguments, but got 4.
src/controllers/address-validation.controller.ts(143,17): error TS2554: Expected 1-2 arguments, but got 5.
src/controllers/address-validation.controller.ts(175,79): error TS2554: Expected 1 arguments, but got 2.
src/controllers/address-validation.controller.ts(193,87): error TS2339: Property 'errors' does not exist on type 'ZodError<unknown>'.
src/controllers/delivery-zones.controller.ts(31,52): error TS2339: Property 'checkProximity' does not exist on type 'GeoFencingService'.
src/controllers/distance-matrix.controller.ts(64,103): error TS2339: Property 'errors' does not exist on type 'ZodError<unknown>'.
src/controllers/geo-analytics.controller.ts(207,103): error TS2339: Property 'errors' does not exist on type 'ZodError<unknown>'.
src/controllers/geo-fencing.controller.ts(82,42): error TS2339: Property 'metadata' does not exist on type '{ name: string; type: "route" | "polygon" | "circle" | "multi_polygon" | "complex"; geometry: { type: "Polygon"; coordinates: [number, number][][]; }; rules: { type: "speed" | "exit" | "enter" | "dwell" | "proximity"; parameters: Record<...>; severity: "info" | ... 1 more ... | "critical"; }[]; priority: number; des...'.
src/controllers/geo-fencing.controller.ts(86,37): error TS2554: Expected 4-5 arguments, but got 2.
src/controllers/geo-fencing.controller.ts(105,68): error TS2345: Argument of type '{ id: string; name?: string | undefined; description?: string | undefined; type?: "route" | "polygon" | "circle" | "multi_polygon" | "complex" | undefined; geometry?: { type: "Polygon"; coordinates: [...][][]; } | undefined; rules?: { ...; }[] | undefined; priority?: number | undefined; }' is not assignable to parameter of type 'Partial<{ id: string; name: string; geometry: { type: "Polygon"; coordinates: [number, number][][]; }; center: { latitude: number; longitude: number; }; radius: number; isActive: boolean; createdAt: Date; ... 4 more ...; expiresAt?: Date | undefined; }>'.
  Types of property 'rules' are incompatible.
    Type '{ type: "speed" | "exit" | "enter" | "dwell" | "proximity"; parameters: Record<string, any>; severity: "info" | "warning" | "critical"; }[] | undefined' is not assignable to type '{ notifyOnEntry: boolean; notifyOnExit: boolean; autoMatch: boolean; actions: ("send_notification" | "trigger_webhook" | "update_status" | "start_tracking" | "stop_tracking" | "apply_discount" | "restrict_access")[]; restrictions?: string[] | undefined; speedLimit?: number | undefined; operatingHours?: { ...; } | un...'.
      Type '{ type: "speed" | "exit" | "enter" | "dwell" | "proximity"; parameters: Record<string, any>; severity: "info" | "warning" | "critical"; }[]' is missing the following properties from type '{ notifyOnEntry: boolean; notifyOnExit: boolean; autoMatch: boolean; actions: ("send_notification" | "trigger_webhook" | "update_status" | "start_tracking" | "stop_tracking" | "apply_discount" | "restrict_access")[]; restrictions?: string[] | undefined; speedLimit?: number | undefined; operatingHours?: { ...; } | un...': notifyOnEntry, notifyOnExit, autoMatch, actions
src/controllers/geo-fencing.controller.ts(107,37): error TS2554: Expected 4-5 arguments, but got 2.
src/controllers/geo-fencing.controller.ts(279,103): error TS2339: Property 'errors' does not exist on type 'ZodError<unknown>'.
src/controllers/geo-search.controller.ts(44,17): error TS2739: Type '{}' is missing the following properties from type '{ sortBy: "speed" | "distance" | "availability" | "price_low" | "price_high" | "rating" | "relevance" | "battery"; sortOrder: "asc" | "desc"; limit: number; offset: number; minPrice?: number | undefined; ... 5 more ...; availability?: { ...; } | undefined; }': sortBy, sortOrder, limit, offset
src/controllers/geocoding.controller.ts(106,87): error TS2339: Property 'errors' does not exist on type 'ZodError<unknown>'.
src/controllers/geofence-events.controller.ts(30,53): error TS2339: Property 'checkProximity' does not exist on type 'GeoFencingService'.
src/controllers/geofence-events.controller.ts(39,53): error TS2339: Property 'getGeofencesInArea' does not exist on type 'GeoFencingService'.
src/controllers/location-sync.controller.ts(22,44): error TS2339: Property 'updateLocation' does not exist on type 'VehicleTrackingService'.
src/controllers/location-sync.controller.ts(37,53): error TS2339: Property 'getLiveLocation' does not exist on type 'VehicleTrackingService'.
src/controllers/marketplace.controller.ts(77,69): error TS2345: Argument of type '{ userId: string; make: string; model: string; year: number; price: number; currency: "USD" | "MXN" | "EUR" | "GBP"; mileage: number; location: { lat: number; lng: number; address?: string | undefined; }; vin?: string | undefined; images?: string[] | undefined; features?: string[] | undefined; description?: string |...' is not assignable to parameter of type 'Omit<{ ownerId: string; make: string; model: string; year: number; mileage: number; mileageUnit: "km" | "mi"; features: string[]; images: string[]; currency: string; status: "draft" | "published" | "sold" | "reserved" | "maintenance"; ... 12 more ...; updatedAt?: Date | undefined; }, "id">'.
  Type '{ userId: string; make: string; model: string; year: number; price: number; currency: "USD" | "MXN" | "EUR" | "GBP"; mileage: number; location: { lat: number; lng: number; address?: string | undefined; }; vin?: string | undefined; images?: string[] | undefined; features?: string[] | undefined; description?: string |...' is missing the following properties from type 'Omit<{ ownerId: string; make: string; model: string; year: number; mileage: number; mileageUnit: "km" | "mi"; features: string[]; images: string[]; currency: string; status: "draft" | "published" | "sold" | "reserved" | "maintenance"; ... 12 more ...; updatedAt?: Date | undefined; }, "id">': status, ownerId, mileageUnit
src/controllers/marketplace.controller.ts(79,33): error TS2339: Property 'findBuyersForNewVehicle' does not exist on type 'MatchingEngineService'.
src/controllers/marketplace.controller.ts(86,91): error TS2339: Property 'errors' does not exist on type 'ZodError<unknown>'.
src/controllers/notification.controller.ts(36,87): error TS2339: Property 'errors' does not exist on type 'ZodError<unknown>'.
src/controllers/payment.controller.ts(59,87): error TS2339: Property 'errors' does not exist on type 'ZodError<unknown>'.
src/controllers/pro-features.controller.ts(11,27): error TS2769: No overload matches this call.
  Overload 1 of 2, '(key: never): unknown', gave the following error.
    Argument of type '"proService"' is not assignable to parameter of type 'never'.
  Overload 2 of 2, '(key: keyof ContextVariableMap): any', gave the following error.
    Argument of type '"proService"' is not assignable to parameter of type 'keyof ContextVariableMap'.
src/controllers/pro-features.controller.ts(33,27): error TS2769: No overload matches this call.
  Overload 1 of 2, '(key: never): unknown', gave the following error.
    Argument of type '"proService"' is not assignable to parameter of type 'never'.
  Overload 2 of 2, '(key: keyof ContextVariableMap): any', gave the following error.
    Argument of type '"proService"' is not assignable to parameter of type 'keyof ContextVariableMap'.
src/controllers/pro-features.controller.ts(41,27): error TS2769: No overload matches this call.
  Overload 1 of 2, '(key: never): unknown', gave the following error.
    Argument of type '"proService"' is not assignable to parameter of type 'never'.
  Overload 2 of 2, '(key: keyof ContextVariableMap): any', gave the following error.
    Argument of type '"proService"' is not assignable to parameter of type 'keyof ContextVariableMap'.
src/controllers/radius-search.controller.ts(120,87): error TS2339: Property 'errors' does not exist on type 'ZodError<unknown>'.
src/controllers/reverse-geocoding.controller.ts(55,78): error TS2345: Argument of type '{ latitude: number; longitude: number; language: string; radius: number; }' is not assignable to parameter of type '{ latitude: number; longitude: number; language: string; radius: number; maxResults: number; resultType?: ("intersection" | "country" | "route" | "street_address" | "subpremise" | "locality" | ... 14 more ... | "point_of_interest")[] | undefined; locationType?: ("ROOFTOP" | ... 2 more ... | "APPROXIMATE")[] | undefi...'.
  Property 'maxResults' is missing in type '{ latitude: number; longitude: number; language: string; radius: number; }' but required in type '{ latitude: number; longitude: number; language: string; radius: number; maxResults: number; resultType?: ("intersection" | "country" | "route" | "street_address" | "subpremise" | "locality" | ... 14 more ... | "point_of_interest")[] | undefined; locationType?: ("ROOFTOP" | ... 2 more ... | "APPROXIMATE")[] | undefi...'.
src/controllers/reverse-geocoding.controller.ts(118,87): error TS2339: Property 'errors' does not exist on type 'ZodError<unknown>'.
src/controllers/route-optimization.controller.ts(63,87): error TS2339: Property 'errors' does not exist on type 'ZodError<unknown>'.
src/controllers/spatial-analytics.controller.ts(17,55): error TS2339: Property 'getDensityStats' does not exist on type 'GeoAnalyticsService'.
src/controllers/spatial-analytics.controller.ts(28,50): error TS2339: Property 'findCoverageGaps' does not exist on type 'GeoAnalyticsService'.
src/controllers/spatial-analytics.controller.ts(38,54): error TS2339: Property 'analyzeMovementPatterns' does not exist on type 'GeoAnalyticsService'.
src/controllers/timezone.controller.ts(49,47): error TS2339: Property 'getTimezoneByCoordinates' does not exist on type 'TimezoneService'.
src/controllers/timezone.controller.ts(76,87): error TS2339: Property 'errors' does not exist on type 'ZodError<unknown>'.
src/controllers/trading.controller.ts(51,16): error TS2528: A module cannot have multiple default exports.
src/controllers/trading.controller.ts(66,16): error TS2528: A module cannot have multiple default exports.
src/controllers/vehicle-tracking.controller.ts(90,16): error TS2554: Expected 2-3 arguments, but got 1.
src/controllers/vehicle-tracking.controller.ts(107,24): error TS2554: Expected 2-5 arguments, but got 1.
src/controllers/vehicle-tracking.controller.ts(250,30): error TS2554: Expected 4-5 arguments, but got 3.
src/controllers/vehicle-tracking.controller.ts(376,103): error TS2339: Property 'errors' does not exist on type 'ZodError<unknown>'.
src/controllers/vehicle.controller.ts(25,51): error TS2551: Property 'getVehicleById' does not exist on type 'VehicleService'. Did you mean 'getVehicle'?
src/controllers/vehicle.controller.ts(35,52): error TS2339: Property 'listVehicles' does not exist on type 'VehicleService'.
src/lib/env.ts(41,55): error TS2339: Property 'errors' does not exist on type 'ZodError<unknown>'.
src/lib/monitoring.ts(27,48): error TS2353: Object literal may only specify known properties, and 'extra' does not exist in type 'EventHint'.
src/lib/monitoring.ts(32,46): error TS2345: Argument of type '{ level: "error" | "info" | "warning"; extra: any; }' is not assignable to parameter of type 'SeverityLevel | undefined'.
src/middleware/sentinel-x-tii.ts(19,27): error TS2367: This comparison appears to be unintentional because the types '"normal"' and '"lockdown"' have no overlap.
src/middleware/validation.middleware.ts(15,36): error TS2339: Property 'errors' does not exist on type 'ZodError<unknown>'.
src/modules/community-resilience/emergency/emergency.service.ts(115,13): error TS2304: Cannot find name 'logger'.
src/modules/community-resilience/health-barter/health-barter.service.ts(4,29): error TS2305: Module '"../edu-health-types"' has no exported member 'RuralClinic'.
src/modules/community-resilience/health-barter/health-barter.service.ts(4,58): error TS2305: Module '"../edu-health-types"' has no exported member 'Medicine'.
src/modules/hubs/hubs.controller.ts(13,17): error TS2322: Type '{ name: string; purpose: string; status: "active" | "dormant" | "archived"; memberCount: number; completedExchanges: number; language: string; id?: string | undefined; createdAt?: Date | undefined; moderatorId?: string | undefined; metadata?: Record<...> | undefined; }[]' is not assignable to type 'never[]'.
  Type '{ name: string; purpose: string; status: "active" | "dormant" | "archived"; memberCount: number; completedExchanges: number; language: string; id?: string | undefined; createdAt?: Date | undefined; moderatorId?: string | undefined; metadata?: Record<...> | undefined; }' is not assignable to type 'never'.
src/modules/hubs/hubs.controller.ts(17,21): error TS2322: Type '{ id: string; name: string; purpose: string; memberCount: number; completedExchanges: number; language: string; status: string; }' is not assignable to type 'never'.
src/modules/hubs/hubs.controller.ts(18,21): error TS2322: Type '{ id: string; name: string; purpose: string; memberCount: number; completedExchanges: number; language: string; status: string; }' is not assignable to type 'never'.
src/modules/hubs/hubs.controller.ts(19,21): error TS2322: Type '{ id: string; name: string; purpose: string; memberCount: number; completedExchanges: number; language: string; status: string; }' is not assignable to type 'never'.
src/patterns/resilience.ts(1,24): error TS2307: Cannot find module './logger' or its corresponding type declarations.
src/routes/admin.ts(13,41): error TS2339: Property 'ADMIN_API_KEY' does not exist on type 'Env'.
src/routes/analytics.routes.ts(6,21): error TS2554: Expected 2 arguments, but got 1.
src/routes/chat.ts(10,16): error TS2339: Property 'GOOGLE_AI_API_KEY' does not exist on type 'Env'.
src/routes/chat.ts(14,45): error TS2339: Property 'GOOGLE_AI_API_KEY' does not exist on type 'Env'.
src/routes/location.routes.ts(9,31): error TS2554: Expected 2 arguments, but got 1.
src/routes/vehicle.routes.ts(6,21): error TS2554: Expected 4 arguments, but got 1.
src/routes/viral.ts(34,40): error TS2345: Argument of type '{ userId: any; type: any; metadata: any; }' is not assignable to parameter of type 'Omit<{ userId: string; type: "invite_sent" | "invite_accepted" | "conversion" | "churn" | "share"; timestamp: string; weight: number; metadata?: Record<string, any> | undefined; }, "timestamp">'.
  Property 'weight' is missing in type '{ userId: any; type: any; metadata: any; }' but required in type 'Omit<{ userId: string; type: "invite_sent" | "invite_accepted" | "conversion" | "churn" | "share"; timestamp: string; weight: number; metadata?: Record<string, any> | undefined; }, "timestamp">'.
src/services/address-validation.service.ts(217,47): error TS2345: Argument of type '{ street: string; city: string; state: string; postalCode: string; country: string; accuracy?: number | undefined; metadata?: Record<string, any> | undefined; latitude?: number | undefined; ... 5 more ...; timezone?: string | undefined; }' is not assignable to parameter of type '{ street: string; city: string; state: string; postalCode: string; country: string; validated: boolean; streetNumber?: string | undefined; unit?: string | undefined; countryName?: string | undefined; ... 8 more ...; metadata?: Record<...> | undefined; }'.
  Property 'validated' is missing in type '{ street: string; city: string; state: string; postalCode: string; country: string; accuracy?: number | undefined; metadata?: Record<string, any> | undefined; latitude?: number | undefined; ... 5 more ...; timezone?: string | undefined; }' but required in type '{ street: string; city: string; state: string; postalCode: string; country: string; validated: boolean; streetNumber?: string | undefined; unit?: string | undefined; countryName?: string | undefined; ... 8 more ...; metadata?: Record<...> | undefined; }'.
src/services/address-validation.service.ts(255,60): error TS2345: Argument of type '{ street: string; city: string; state: string; postalCode: string; country: string; accuracy?: number | undefined; metadata?: Record<string, any> | undefined; latitude?: number | undefined; ... 5 more ...; timezone?: string | undefined; }' is not assignable to parameter of type '{ street: string; city: string; state: string; postalCode: string; country: string; validated: boolean; streetNumber?: string | undefined; unit?: string | undefined; countryName?: string | undefined; ... 8 more ...; metadata?: Record<...> | undefined; }'.
  Property 'validated' is missing in type '{ street: string; city: string; state: string; postalCode: string; country: string; accuracy?: number | undefined; metadata?: Record<string, any> | undefined; latitude?: number | undefined; ... 5 more ...; timezone?: string | undefined; }' but required in type '{ street: string; city: string; state: string; postalCode: string; country: string; validated: boolean; streetNumber?: string | undefined; unit?: string | undefined; countryName?: string | undefined; ... 8 more ...; metadata?: Record<...> | undefined; }'.
src/services/address-validation.service.ts(339,17): error TS2741: Property 'validated' is missing in type '{ street: string; city: string; state: string; postalCode: string; country: string; accuracy?: number | undefined; metadata?: Record<string, any> | undefined; latitude?: number | undefined; ... 5 more ...; timezone?: string | undefined; }' but required in type '{ street: string; city: string; state: string; postalCode: string; country: string; validated: boolean; streetNumber?: string | undefined; unit?: string | undefined; countryName?: string | undefined; ... 8 more ...; metadata?: Record<...> | undefined; }'.
src/services/address-validation.service.ts(350,35): error TS2552: Cannot find name 'ValidationRequest'. Did you mean 'ValidationRequestInput'?
src/services/address-validation.service.ts(778,24): error TS18046: 'error' is of type 'unknown'.
src/services/address-validation.service.ts(901,57): error TS2554: Expected 1 arguments, but got 2.
src/services/community-resilience/matching/engines/redis.matcher.ts(41,42): error TS2345: Argument of type 'any' is not assignable to parameter of type 'never'.
src/services/community-resilience/matching/engines/redis.matcher.ts(41,65): error TS2571: Object is of type 'unknown'.
src/services/distance-matrix.service.ts(205,25): error TS18046: 'data' is of type 'unknown'.
src/services/distance-matrix.service.ts(206,75): error TS18046: 'data' is of type 'unknown'.
src/services/distance-matrix.service.ts(208,28): error TS18046: 'data' is of type 'unknown'.
src/services/distance-matrix.service.ts(253,25): error TS18046: 'data' is of type 'unknown'.
src/services/distance-matrix.service.ts(254,57): error TS18046: 'data' is of type 'unknown'.
src/services/distance-matrix.service.ts(256,28): error TS18046: 'data' is of type 'unknown'.
src/services/distance-matrix.service.ts(261,40): error TS18046: 'data' is of type 'unknown'.
src/services/distance-matrix.service.ts(262,59): error TS18046: 'data' is of type 'unknown'.
src/services/geo-fencing.service.ts(69,17): error TS2554: Expected 2-3 arguments, but got 1.
src/services/geo-fencing.service.ts(684,43): error TS2345: Argument of type 'string | undefined' is not assignable to parameter of type 'string'.
  Type 'undefined' is not assignable to type 'string'.
src/services/geolocation.service.ts(10,36): error TS2724: '"./address-validation.service"' has no exported member named 'ValidationRequest'. Did you mean 'ValidationRequestInput'?
src/services/geolocation.service.ts(63,34): error TS2749: 'AnalyticsRequest' refers to a value, but is being used as a type here. Did you mean 'typeof AnalyticsRequest'?
src/services/geolocation.service.ts(71,57): error TS2345: Argument of type '{ userId: string; entityId: string; entityType: "vehicle"; location: { latitude: number; longitude: number; }; }' is not assignable to parameter of type '{ userId: string; entityId: string; entityType: "user" | "vehicle" | "asset"; location: { latitude: number; longitude: number; }; checkTypes: ("entry" | "exit" | "inside" | "violation")[]; previousLocation?: { ...; } | undefined; accuracy?: number | undefined; speed?: number | undefined; heading?: number | undefined...'.
  Property 'checkTypes' is missing in type '{ userId: string; entityId: string; entityType: "vehicle"; location: { latitude: number; longitude: number; }; }' but required in type '{ userId: string; entityId: string; entityType: "user" | "vehicle" | "asset"; location: { latitude: number; longitude: number; }; checkTypes: ("entry" | "exit" | "inside" | "violation")[]; previousLocation?: { ...; } | undefined; accuracy?: number | undefined; speed?: number | undefined; heading?: number | undefined...'.
src/services/geospatial/isochrones.service.ts(71,26): error TS2345: Argument of type '{ time: number; geometry: any; metrics: { areaKm2: string; reachabilityIndex: number; }; }' is not assignable to parameter of type 'never'.
src/services/location-cache.service.ts(59,17): error TS2554: Expected 2-3 arguments, but got 1.
src/services/location-cache.service.ts(148,45): error TS2339: Property 'get' does not exist on type 'LocationCacheService'.
src/services/location-cache.service.ts(458,13): error TS2322: Type 'string | undefined' is not assignable to type '"user" | "vehicle" | "service" | "asset" | undefined'.
  Type 'string' is not assignable to type '"user" | "vehicle" | "service" | "asset" | undefined'.
src/services/location-cache.service.ts(545,39): error TS2339: Property 'get' does not exist on type '{ increment: (name: string, value?: number | Record<string, any>, tags?: Record<string, any> | undefined) => void; timing: (name: string, durationMs: number, tags?: Record<...> | undefined) => void; gauge: (name: string, value: number, tags?: Record<...> | undefined) => void; }'.
src/services/location-cache.service.ts(546,41): error TS2339: Property 'get' does not exist on type '{ increment: (name: string, value?: number | Record<string, any>, tags?: Record<string, any> | undefined) => void; timing: (name: string, durationMs: number, tags?: Record<...> | undefined) => void; gauge: (name: string, value: number, tags?: Record<...> | undefined) => void; }'.
src/services/location-cache.service.ts(547,42): error TS2339: Property 'get' does not exist on type '{ increment: (name: string, value?: number | Record<string, any>, tags?: Record<string, any> | undefined) => void; timing: (name: string, durationMs: number, tags?: Record<...> | undefined) => void; gauge: (name: string, value: number, tags?: Record<...> | undefined) => void; }'.
src/services/mexico-launcher.ts(24,39): error TS2339: Property 'SENTINEL_KV' does not exist on type 'Env'.
src/services/mexico-launcher.ts(64,24): error TS2339: Property 'SENTINEL_KV' does not exist on type 'Env'.
src/services/notification.service.ts(6,21): error TS2305: Module '"ws"' has no exported member 'WebSocketServer'.
src/services/payment.service.ts(16,17): error TS2554: Expected 2-3 arguments, but got 1.
src/services/reverse-geocoding.service.ts(76,17): error TS2322: Type '(lat: number, lon: number, options?: any) => Promise<{ results: any; status: "OK" | "ZERO_RESULTS"; provider: string; cached: false; }>' is not assignable to type '(lat: number, lon: number, options?: any) => Promise<{ results: { formattedAddress: string; latitude: number; longitude: number; confidence: number; provider: string; cached: boolean; country?: string | undefined; countryCode?: string | undefined; city?: string | undefined; }[]; ... 4 more ...; errorMessage?: string...'.
  Type 'Promise<{ results: any; status: "OK" | "ZERO_RESULTS"; provider: string; cached: false; }>' is not assignable to type 'Promise<{ results: { formattedAddress: string; latitude: number; longitude: number; confidence: number; provider: string; cached: boolean; country?: string | undefined; countryCode?: string | undefined; city?: string | undefined; }[]; ... 4 more ...; errorMessage?: string | undefined; }>'.
    Property 'timestamp' is missing in type '{ results: any; status: "OK" | "ZERO_RESULTS"; provider: string; cached: false; }' but required in type '{ results: { formattedAddress: string; latitude: number; longitude: number; confidence: number; provider: string; cached: boolean; country?: string | undefined; countryCode?: string | undefined; city?: string | undefined; }[]; ... 4 more ...; errorMessage?: string | undefined; }'.
src/services/reverse-geocoding.service.ts(121,17): error TS2322: Type '(lat: number, lon: number, options?: any) => Promise<{ results: any; status: "OK" | "ZERO_RESULTS"; provider: string; cached: false; }>' is not assignable to type '(lat: number, lon: number, options?: any) => Promise<{ results: { formattedAddress: string; latitude: number; longitude: number; confidence: number; provider: string; cached: boolean; country?: string | undefined; countryCode?: string | undefined; city?: string | undefined; }[]; ... 4 more ...; errorMessage?: string...'.
  Type 'Promise<{ results: any; status: "OK" | "ZERO_RESULTS"; provider: string; cached: false; }>' is not assignable to type 'Promise<{ results: { formattedAddress: string; latitude: number; longitude: number; confidence: number; provider: string; cached: boolean; country?: string | undefined; countryCode?: string | undefined; city?: string | undefined; }[]; ... 4 more ...; errorMessage?: string | undefined; }>'.
    Property 'timestamp' is missing in type '{ results: any; status: "OK" | "ZERO_RESULTS"; provider: string; cached: false; }' but required in type '{ results: { formattedAddress: string; latitude: number; longitude: number; confidence: number; provider: string; cached: boolean; country?: string | undefined; countryCode?: string | undefined; city?: string | undefined; }[]; ... 4 more ...; errorMessage?: string | undefined; }'.
src/services/reverse-geocoding.service.ts(163,13): error TS2322: Type '(lat: number, lon: number, options?: any) => Promise<{ results: { formattedAddress: any; latitude: number; longitude: number; country: any; countryCode: any; state: any; county: any; city: any; district: any; ... 7 more ...; timestamp: Date; }[]; status: "OK" | "ZERO_RESULTS"; provider: string; cached: false; }>' is not assignable to type '(lat: number, lon: number, options?: any) => Promise<{ results: { formattedAddress: string; latitude: number; longitude: number; confidence: number; provider: string; cached: boolean; country?: string | undefined; countryCode?: string | undefined; city?: string | undefined; }[]; ... 4 more ...; errorMessage?: string...'.
  Type 'Promise<{ results: { formattedAddress: any; latitude: number; longitude: number; country: any; countryCode: any; state: any; county: any; city: any; district: any; street: any; houseNumber: any; postalCode: any; ... 4 more ...; timestamp: Date; }[]; status: "OK" | "ZERO_RESULTS"; provider: string; cached: false; }>' is not assignable to type 'Promise<{ results: { formattedAddress: string; latitude: number; longitude: number; confidence: number; provider: string; cached: boolean; country?: string | undefined; countryCode?: string | undefined; city?: string | undefined; }[]; ... 4 more ...; errorMessage?: string | undefined; }>'.
    Property 'timestamp' is missing in type '{ results: { formattedAddress: any; latitude: number; longitude: number; country: any; countryCode: any; state: any; county: any; city: any; district: any; street: any; houseNumber: any; postalCode: any; ... 4 more ...; timestamp: Date; }[]; status: "OK" | "ZERO_RESULTS"; provider: string; cached: false; }' but required in type '{ results: { formattedAddress: string; latitude: number; longitude: number; confidence: number; provider: string; cached: boolean; country?: string | undefined; countryCode?: string | undefined; city?: string | undefined; }[]; ... 4 more ...; errorMessage?: string | undefined; }'.
src/services/reverse-geocoding.service.ts(479,13): error TS2741: Property 'timestamp' is missing in type '{ results: { formattedAddress: any; latitude: number; longitude: number; country: any; countryCode: any; state: any; county: any; city: any; district: any; street: any; houseNumber: any; postalCode: any; ... 4 more ...; timestamp: Date; }[]; status: "OK" | "ZERO_RESULTS"; provider: string; cached: true; }' but required in type '{ results: { formattedAddress: string; latitude: number; longitude: number; confidence: number; provider: string; cached: boolean; country?: string | undefined; countryCode?: string | undefined; city?: string | undefined; }[]; ... 4 more ...; errorMessage?: string | undefined; }'.
src/services/reverse-geocoding.service.ts(524,32): error TS2339: Property 'state' does not exist on type '{ formattedAddress: string; latitude: number; longitude: number; confidence: number; provider: string; cached: boolean; country?: string | undefined; countryCode?: string | undefined; city?: string | undefined; }'.
src/services/reverse-geocoding.service.ts(527,32): error TS2339: Property 'district' does not exist on type '{ formattedAddress: string; latitude: number; longitude: number; confidence: number; provider: string; cached: boolean; country?: string | undefined; countryCode?: string | undefined; city?: string | undefined; }'.
src/services/reverse-geocoding.service.ts(528,32): error TS2339: Property 'street' does not exist on type '{ formattedAddress: string; latitude: number; longitude: number; confidence: number; provider: string; cached: boolean; country?: string | undefined; countryCode?: string | undefined; city?: string | undefined; }'.
src/services/reverse-geocoding.service.ts(529,32): error TS2339: Property 'houseNumber' does not exist on type '{ formattedAddress: string; latitude: number; longitude: number; confidence: number; provider: string; cached: boolean; country?: string | undefined; countryCode?: string | undefined; city?: string | undefined; }'.
src/services/reverse-geocoding.service.ts(530,32): error TS2339: Property 'postalCode' does not exist on type '{ formattedAddress: string; latitude: number; longitude: number; confidence: number; provider: string; cached: boolean; country?: string | undefined; countryCode?: string | undefined; city?: string | undefined; }'.
src/services/reverse-geocoding.service.ts(532,32): error TS2339: Property 'locationType' does not exist on type '{ formattedAddress: string; latitude: number; longitude: number; confidence: number; provider: string; cached: boolean; country?: string | undefined; countryCode?: string | undefined; city?: string | undefined; }'.
src/services/reverse-geocoding.service.ts(712,56): error TS2345: Argument of type '{ latitude: number; longitude: number; language: string; maxResults: number; }' is not assignable to parameter of type '{ latitude: number; longitude: number; language: string; radius: number; maxResults: number; resultType?: ("intersection" | "country" | "route" | "street_address" | "subpremise" | "locality" | ... 14 more ... | "point_of_interest")[] | undefined; locationType?: ("ROOFTOP" | ... 2 more ... | "APPROXIMATE")[] | undefi...'.
  Property 'radius' is missing in type '{ latitude: number; longitude: number; language: string; maxResults: number; }' but required in type '{ latitude: number; longitude: number; language: string; radius: number; maxResults: number; resultType?: ("intersection" | "country" | "route" | "street_address" | "subpremise" | "locality" | ... 14 more ... | "point_of_interest")[] | undefined; locationType?: ("ROOFTOP" | ... 2 more ... | "APPROXIMATE")[] | undefi...'.
src/services/reverse-geocoding.service.ts(728,32): error TS2339: Property 'houseNumber' does not exist on type '{ formattedAddress: string; latitude: number; longitude: number; confidence: number; provider: string; cached: boolean; country?: string | undefined; countryCode?: string | undefined; city?: string | undefined; }'.
src/services/reverse-geocoding.service.ts(729,32): error TS2339: Property 'street' does not exist on type '{ formattedAddress: string; latitude: number; longitude: number; confidence: number; provider: string; cached: boolean; country?: string | undefined; countryCode?: string | undefined; city?: string | undefined; }'.
src/services/reverse-geocoding.service.ts(730,32): error TS2339: Property 'district' does not exist on type '{ formattedAddress: string; latitude: number; longitude: number; confidence: number; provider: string; cached: boolean; country?: string | undefined; countryCode?: string | undefined; city?: string | undefined; }'.
src/services/reverse-geocoding.service.ts(736,32): error TS2339: Property 'state' does not exist on type '{ formattedAddress: string; latitude: number; longitude: number; confidence: number; provider: string; cached: boolean; country?: string | undefined; countryCode?: string | undefined; city?: string | undefined; }'.
src/services/reverse-geocoding.service.ts(742,32): error TS2339: Property 'state' does not exist on type '{ formattedAddress: string; latitude: number; longitude: number; confidence: number; provider: string; cached: boolean; country?: string | undefined; countryCode?: string | undefined; city?: string | undefined; }'.
src/services/sales-ai.ts(49,24): error TS18046: 'result' is of type 'unknown'.
src/services/sales-ai.ts(50,24): error TS18046: 'result' is of type 'unknown'.
src/services/sales-ai.ts(57,24): error TS2532: Object is possibly 'undefined'.
src/services/secret/DopamineEngine.ts(68,51): error TS2345: Argument of type '"­ƒôê ALTA DEMANDA - 5 PERSONAS VIENDO"' is not assignable to parameter of type 'never'.
src/services/secret/DopamineEngine.ts(69,39): error TS2345: Argument of type '"Ô£¿ RECI├ëN LLEGADO - S├ë EL PRIMERO"' is not assignable to parameter of type 'never'.
src/services/secret/DopamineEngine.ts(70,50): error TS2345: Argument of type '"­ƒÄ» MATCH 99% - DISE├æADO PARA TI"' is not assignable to parameter of type 'never'.
src/services/secret/Escrow.ts(38,26): error TS2347: Untyped function calls may not accept type arguments.
src/services/vehicle-tracking.service.ts(8,10): error TS2595: 'WebSocket' can only be imported by using a default import.
src/services/vehicle-tracking.service.ts(8,21): error TS2305: Module '"ws"' has no exported member 'WebSocketServer'.
src/sockets/geofence.socket.ts(2,10): error TS2724: '"../services/geo-fencing.service"' has no exported member named 'GeofencingService'. Did you mean 'GeoFencingService'?
src/sockets/tracking.socket.ts(9,46): error TS2339: Property 'updateLocation' does not exist on type 'VehicleTrackingService'.
src/tests/distance-matrix.test.ts(24,25): error TS2353: Object literal may only specify known properties, and 'lat' does not exist in type '{ latitude: number; longitude: number; id?: string | undefined; }'.
src/tests/distance-matrix.test.ts(25,30): error TS2353: Object literal may only specify known properties, and 'lat' does not exist in type '{ latitude: number; longitude: number; id?: string | undefined; }'.
src/tests/geo-fencing.test.ts(2,10): error TS2724: '"../services/geo-fencing.service"' has no exported member named 'GeofencingService'. Did you mean 'GeoFencingService'?
src/tests/geolocation.test.ts(18,63): error TS2554: Expected 1 arguments, but got 2.
src/tests/geolocation.test.ts(29,54): error TS2554: Expected 1 arguments, but got 2.
src/tests/vehicle.test.ts(14,26): error TS2554: Expected 4 arguments, but got 1.
src/tests/vehicle.test.ts(22,47): error TS2339: Property 'listVehicles' does not exist on type 'VehicleService'.
src/utils/spatial-cache.ts(60,9): error TS2322: Type 'unknown[]' is not assignable to type 'string[]'.
  Type 'unknown' is not assignable to type 'string'.
../shared/types/VehicleDNA.ts(1,22): error TS2307: Cannot find module 'crypto-js' or its corresponding type declarations.
../shared/utils/i18n-persistence.ts(1,38): error TS2307: Cannot find module 'cookies-next' or its corresponding type declarations.
../shared/utils/spatial-cache.ts(60,9): error TS2322: Type 'unknown[]' is not assignable to type 'string[]'.
  Type 'unknown' is not assignable to type 'string'.
